{"C:\\Users\\nse055\\Desktop\\arraybuffer\\src\\ArrayBufferConverter.js": {"path":"C:\\Users\\nse055\\Desktop\\arraybuffer\\src\\ArrayBufferConverter.js","statementMap":{"0":{"start":{"line":3,"column":8},"end":{"line":3,"column":29}},"1":{"start":{"line":7,"column":8},"end":{"line":9,"column":9}},"2":{"start":{"line":8,"column":12},"end":{"line":8,"column":22}},"3":{"start":{"line":11,"column":27},"end":{"line":11,"column":55}},"4":{"start":{"line":12,"column":21},"end":{"line":12,"column":23}},"5":{"start":{"line":14,"column":8},"end":{"line":16,"column":9}},"6":{"start":{"line":14,"column":21},"end":{"line":14,"column":22}},"7":{"start":{"line":15,"column":12},"end":{"line":15,"column":57}},"8":{"start":{"line":18,"column":8},"end":{"line":18,"column":22}}},"fnMap":{"0":{"name":"(anonymous_0)","decl":{"start":{"line":2,"column":4},"end":{"line":2,"column":5}},"loc":{"start":{"line":2,"column":17},"end":{"line":4,"column":5}},"line":2},"1":{"name":"(anonymous_1)","decl":{"start":{"line":6,"column":4},"end":{"line":6,"column":5}},"loc":{"start":{"line":6,"column":15},"end":{"line":19,"column":5}},"line":6}},"branchMap":{"0":{"loc":{"start":{"line":7,"column":8},"end":{"line":9,"column":9}},"type":"if","locations":[{"start":{"line":7,"column":8},"end":{"line":9,"column":9}},{"start":{},"end":{}}],"line":7}},"s":{"0":2,"1":2,"2":1,"3":1,"4":1,"5":1,"6":1,"7":53,"8":1},"f":{"0":2,"1":2},"b":{"0":[1,1]},"_coverageSchema":"1a1c01bbd47fc00a2c39e90264f33305004495a9","hash":"46265435308300b8ea42497632d135e3cf35a2cb"}
,"C:\\Users\\nse055\\Desktop\\arraybuffer\\src\\getBuffer.js": {"path":"C:\\Users\\nse055\\Desktop\\arraybuffer\\src\\getBuffer.js","statementMap":{"0":{"start":{"line":2,"column":17},"end":{"line":2,"column":72}},"1":{"start":{"line":4,"column":19},"end":{"line":4,"column":51}},"2":{"start":{"line":5,"column":23},"end":{"line":5,"column":46}},"3":{"start":{"line":7,"column":4},"end":{"line":9,"column":5}},"4":{"start":{"line":7,"column":17},"end":{"line":7,"column":18}},"5":{"start":{"line":8,"column":8},"end":{"line":8,"column":43}},"6":{"start":{"line":11,"column":4},"end":{"line":11,"column":18}}},"fnMap":{"0":{"name":"getBuffer","decl":{"start":{"line":1,"column":24},"end":{"line":1,"column":33}},"loc":{"start":{"line":1,"column":36},"end":{"line":12,"column":1}},"line":1}},"branchMap":{},"s":{"0":2,"1":2,"2":2,"3":2,"4":2,"5":106,"6":2},"f":{"0":2},"b":{},"_coverageSchema":"1a1c01bbd47fc00a2c39e90264f33305004495a9","hash":"f2e3868ee1d42da58deb8a1870e615ae354023bd"}
}
